SF:lib\screens\login\login_model.dart
DA:3,6
DA:4,2
LF:2
LH:2
end_of_record
SF:lib\screens\login\login_model_impl.dart
DA:9,1
DA:10,4
DA:11,4
LF:3
LH:3
end_of_record
SF:lib\login_bloc\login_bloc.dart
DA:10,0
DA:11,0
DA:12,0
DA:14,0
DA:15,0
DA:19,0
DA:20,0
DA:21,0
DA:22,0
DA:25,0
DA:26,0
DA:27,0
DA:28,0
DA:32,0
DA:33,0
DA:36,0
LF:16
LH:0
end_of_record
SF:lib\login_bloc\login_event.dart
DA:7,0
LF:1
LH:0
end_of_record
SF:lib\login_bloc\login_state.dart
DA:10,0
DA:16,0
LF:2
LH:0
end_of_record
SF:lib\models\login_data_model.dart
DA:7,0
DA:14,0
DA:15,0
DA:16,0
DA:17,0
DA:18,0
DA:19,0
DA:29,0
DA:35,0
DA:36,0
DA:37,0
DA:38,0
DA:39,0
DA:61,0
DA:79,0
DA:80,0
DA:81,0
DA:82,0
DA:83,0
DA:84,0
DA:85,0
DA:86,0
DA:87,0
DA:88,0
DA:89,0
DA:90,0
DA:91,0
DA:92,0
DA:93,0
DA:94,0
DA:95,0
LF:31
LH:0
end_of_record
